[ INFO ] [2017-08-16 10:46:02] org.springframework.boot.test.context.SpringBootTestContextBootstrapper [319] - Neither @ContextConfiguration nor @ContextHierarchy found for test class [TestProjectListService], using SpringBootContextLoader
[ INFO ] [2017-08-16 10:46:02] org.springframework.test.context.support.AbstractContextLoader [264] - Could not detect default resource locations for test class [TestProjectListService]: no resource found for suffixes {-context.xml, Context.groovy}.
[ INFO ] [2017-08-16 10:46:02] org.springframework.boot.test.context.SpringBootTestContextBootstrapper [260] - Loaded default TestExecutionListener class names from location [META-INF/spring.factories]: [org.springframework.boot.test.mock.mockito.MockitoTestExecutionListener, org.springframework.boot.test.mock.mockito.ResetMocksTestExecutionListener, org.springframework.boot.test.autoconfigure.restdocs.RestDocsTestExecutionListener, org.springframework.boot.test.autoconfigure.web.client.MockRestServiceServerResetTestExecutionListener, org.springframework.boot.test.autoconfigure.web.servlet.MockMvcPrintOnlyOnFailureTestExecutionListener, org.springframework.boot.test.autoconfigure.web.servlet.WebDriverTestExecutionListener, org.springframework.test.context.web.ServletTestExecutionListener, org.springframework.test.context.support.DirtiesContextBeforeModesTestExecutionListener, org.springframework.test.context.support.DependencyInjectionTestExecutionListener, org.springframework.test.context.support.DirtiesContextTestExecutionListener, org.springframework.test.context.transaction.TransactionalTestExecutionListener, org.springframework.test.context.jdbc.SqlScriptsTestExecutionListener]
[ INFO ] [2017-08-16 10:46:02] org.springframework.boot.test.context.SpringBootTestContextBootstrapper [187] - Using TestExecutionListeners: [org.springframework.test.context.web.ServletTestExecutionListener@71687585, org.springframework.test.context.support.DirtiesContextBeforeModesTestExecutionListener@1807f5a7, org.springframework.boot.test.autoconfigure.SpringBootDependencyInjectionTestExecutionListener@1b919693, org.springframework.test.context.support.DirtiesContextTestExecutionListener@7fb4f2a9, org.springframework.test.context.transaction.TransactionalTestExecutionListener@4dc27487, org.springframework.test.context.jdbc.SqlScriptsTestExecutionListener@6a4f1a55, org.springframework.boot.test.autoconfigure.web.servlet.MockMvcPrintOnlyOnFailureTestExecutionListener@7dfd3c81, org.springframework.boot.test.autoconfigure.web.client.MockRestServiceServerResetTestExecutionListener@2584b82d, org.springframework.boot.test.autoconfigure.restdocs.RestDocsTestExecutionListener@7bbc8656, org.springframework.boot.test.mock.mockito.MockitoTestExecutionListener@6933b6c6, org.springframework.boot.test.mock.mockito.ResetMocksTestExecutionListener@7d3e8655, org.springframework.boot.test.autoconfigure.web.servlet.WebDriverTestExecutionListener@7dfb0c0f]
[ INFO ] [2017-08-16 10:46:02] TestProjectListService [48] - Starting TestProjectListService on IPX-JOELS with PID 6664 (started by Administrator in D:\project\aliyunMq)
[ INFO ] [2017-08-16 10:46:02] TestProjectListService [637] - No active profile set, falling back to default profiles: default
[ INFO ] [2017-08-16 10:46:02] org.springframework.web.context.support.GenericWebApplicationContext [582] - Refreshing org.springframework.web.context.support.GenericWebApplicationContext@5ee2b6f9: startup date [Wed Aug 16 10:46:02 CST 2017]; root of context hierarchy
[ INFO ] [2017-08-16 10:46:03] org.hibernate.validator.internal.util.Version [30] - HV000001: Hibernate Validator 5.3.4.Final
[ WARN ] [2017-08-16 10:46:03] org.springframework.context.annotation.ConfigurationClassPostProcessor [373] - Cannot enhance @Configuration bean definition 'myBatisMapperScannerConfig' since its singleton instance has been created too early. The typical cause is a non-static @Bean method with a BeanDefinitionRegistryPostProcessor return type: Consider declaring such methods as 'static'.
[ INFO ] [2017-08-16 10:46:04] org.springframework.context.support.PostProcessorRegistrationDelegate$BeanPostProcessorChecker [325] - Bean 'org.springframework.transaction.annotation.ProxyTransactionManagementConfiguration' of type [org.springframework.transaction.annotation.ProxyTransactionManagementConfiguration$$EnhancerBySpringCGLIB$$c108257] is not eligible for getting processed by all BeanPostProcessors (for example: not eligible for auto-proxying)
[ INFO ] [2017-08-16 10:46:05] es.config.MybatisAutoConfiguration$$EnhancerBySpringCGLIB$$1548ebbc [69] - 注册MyBatis分页插件PageHelper
[ INFO ] [2017-08-16 10:46:05] org.springframework.web.servlet.mvc.method.annotation.RequestMappingHandlerAdapter [534] - Looking for @ControllerAdvice: org.springframework.web.context.support.GenericWebApplicationContext@5ee2b6f9: startup date [Wed Aug 16 10:46:02 CST 2017]; root of context hierarchy
[ INFO ] [2017-08-16 10:46:05] org.springframework.web.servlet.mvc.method.annotation.RequestMappingHandlerMapping [543] - Mapped "{[/error]}" onto public org.springframework.http.ResponseEntity<java.util.Map<java.lang.String, java.lang.Object>> org.springframework.boot.autoconfigure.web.BasicErrorController.error(javax.servlet.http.HttpServletRequest)
[ INFO ] [2017-08-16 10:46:05] org.springframework.web.servlet.mvc.method.annotation.RequestMappingHandlerMapping [543] - Mapped "{[/error],produces=[text/html]}" onto public org.springframework.web.servlet.ModelAndView org.springframework.boot.autoconfigure.web.BasicErrorController.errorHtml(javax.servlet.http.HttpServletRequest,javax.servlet.http.HttpServletResponse)
[ INFO ] [2017-08-16 10:46:05] org.springframework.web.servlet.handler.SimpleUrlHandlerMapping [362] - Mapped URL path [/webjars/**] onto handler of type [class org.springframework.web.servlet.resource.ResourceHttpRequestHandler]
[ INFO ] [2017-08-16 10:46:05] org.springframework.web.servlet.handler.SimpleUrlHandlerMapping [362] - Mapped URL path [/**] onto handler of type [class org.springframework.web.servlet.resource.ResourceHttpRequestHandler]
[ INFO ] [2017-08-16 10:46:05] org.springframework.web.servlet.handler.SimpleUrlHandlerMapping [362] - Mapped URL path [/**/favicon.ico] onto handler of type [class org.springframework.web.servlet.resource.ResourceHttpRequestHandler]
[ INFO ] [2017-08-16 10:46:06] org.springframework.boot.actuate.endpoint.mvc.EndpointHandlerMapping [543] - Mapped "{[/loggers/{name:.*}],methods=[GET],produces=[application/vnd.spring-boot.actuator.v1+json || application/json]}" onto public java.lang.Object org.springframework.boot.actuate.endpoint.mvc.LoggersMvcEndpoint.get(java.lang.String)
[ INFO ] [2017-08-16 10:46:06] org.springframework.boot.actuate.endpoint.mvc.EndpointHandlerMapping [543] - Mapped "{[/loggers/{name:.*}],methods=[POST],consumes=[application/vnd.spring-boot.actuator.v1+json || application/json],produces=[application/vnd.spring-boot.actuator.v1+json || application/json]}" onto public java.lang.Object org.springframework.boot.actuate.endpoint.mvc.LoggersMvcEndpoint.set(java.lang.String,java.util.Map<java.lang.String, java.lang.String>)
[ INFO ] [2017-08-16 10:46:06] org.springframework.boot.actuate.endpoint.mvc.EndpointHandlerMapping [543] - Mapped "{[/loggers || /loggers.json],methods=[GET],produces=[application/vnd.spring-boot.actuator.v1+json || application/json]}" onto public java.lang.Object org.springframework.boot.actuate.endpoint.mvc.EndpointMvcAdapter.invoke()
[ INFO ] [2017-08-16 10:46:06] org.springframework.boot.actuate.endpoint.mvc.EndpointHandlerMapping [543] - Mapped "{[/configprops || /configprops.json],methods=[GET],produces=[application/vnd.spring-boot.actuator.v1+json || application/json]}" onto public java.lang.Object org.springframework.boot.actuate.endpoint.mvc.EndpointMvcAdapter.invoke()
[ INFO ] [2017-08-16 10:46:06] org.springframework.boot.actuate.endpoint.mvc.EndpointHandlerMapping [543] - Mapped "{[/health || /health.json],methods=[GET],produces=[application/vnd.spring-boot.actuator.v1+json || application/json]}" onto public java.lang.Object org.springframework.boot.actuate.endpoint.mvc.HealthMvcEndpoint.invoke(javax.servlet.http.HttpServletRequest,java.security.Principal)
[ INFO ] [2017-08-16 10:46:06] org.springframework.boot.actuate.endpoint.mvc.EndpointHandlerMapping [543] - Mapped "{[/beans || /beans.json],methods=[GET],produces=[application/vnd.spring-boot.actuator.v1+json || application/json]}" onto public java.lang.Object org.springframework.boot.actuate.endpoint.mvc.EndpointMvcAdapter.invoke()
[ INFO ] [2017-08-16 10:46:06] org.springframework.boot.actuate.endpoint.mvc.EndpointHandlerMapping [543] - Mapped "{[/heapdump || /heapdump.json],methods=[GET],produces=[application/octet-stream]}" onto public void org.springframework.boot.actuate.endpoint.mvc.HeapdumpMvcEndpoint.invoke(boolean,javax.servlet.http.HttpServletRequest,javax.servlet.http.HttpServletResponse) throws java.io.IOException,javax.servlet.ServletException
[ INFO ] [2017-08-16 10:46:06] org.springframework.boot.actuate.endpoint.mvc.EndpointHandlerMapping [543] - Mapped "{[/dump || /dump.json],methods=[GET],produces=[application/vnd.spring-boot.actuator.v1+json || application/json]}" onto public java.lang.Object org.springframework.boot.actuate.endpoint.mvc.EndpointMvcAdapter.invoke()
[ INFO ] [2017-08-16 10:46:06] org.springframework.boot.actuate.endpoint.mvc.EndpointHandlerMapping [543] - Mapped "{[/auditevents || /auditevents.json],methods=[GET],produces=[application/vnd.spring-boot.actuator.v1+json || application/json]}" onto public org.springframework.http.ResponseEntity<?> org.springframework.boot.actuate.endpoint.mvc.AuditEventsMvcEndpoint.findByPrincipalAndAfterAndType(java.lang.String,java.util.Date,java.lang.String)
[ INFO ] [2017-08-16 10:46:06] org.springframework.boot.actuate.endpoint.mvc.EndpointHandlerMapping [543] - Mapped "{[/autoconfig || /autoconfig.json],methods=[GET],produces=[application/vnd.spring-boot.actuator.v1+json || application/json]}" onto public java.lang.Object org.springframework.boot.actuate.endpoint.mvc.EndpointMvcAdapter.invoke()
[ INFO ] [2017-08-16 10:46:06] org.springframework.boot.actuate.endpoint.mvc.EndpointHandlerMapping [543] - Mapped "{[/env/{name:.*}],methods=[GET],produces=[application/vnd.spring-boot.actuator.v1+json || application/json]}" onto public java.lang.Object org.springframework.boot.actuate.endpoint.mvc.EnvironmentMvcEndpoint.value(java.lang.String)
[ INFO ] [2017-08-16 10:46:06] org.springframework.boot.actuate.endpoint.mvc.EndpointHandlerMapping [543] - Mapped "{[/env || /env.json],methods=[GET],produces=[application/vnd.spring-boot.actuator.v1+json || application/json]}" onto public java.lang.Object org.springframework.boot.actuate.endpoint.mvc.EndpointMvcAdapter.invoke()
[ INFO ] [2017-08-16 10:46:06] org.springframework.boot.actuate.endpoint.mvc.EndpointHandlerMapping [543] - Mapped "{[/info || /info.json],methods=[GET],produces=[application/vnd.spring-boot.actuator.v1+json || application/json]}" onto public java.lang.Object org.springframework.boot.actuate.endpoint.mvc.EndpointMvcAdapter.invoke()
[ INFO ] [2017-08-16 10:46:06] org.springframework.boot.actuate.endpoint.mvc.EndpointHandlerMapping [543] - Mapped "{[/mappings || /mappings.json],methods=[GET],produces=[application/vnd.spring-boot.actuator.v1+json || application/json]}" onto public java.lang.Object org.springframework.boot.actuate.endpoint.mvc.EndpointMvcAdapter.invoke()
[ INFO ] [2017-08-16 10:46:06] org.springframework.boot.actuate.endpoint.mvc.EndpointHandlerMapping [543] - Mapped "{[/metrics/{name:.*}],methods=[GET],produces=[application/vnd.spring-boot.actuator.v1+json || application/json]}" onto public java.lang.Object org.springframework.boot.actuate.endpoint.mvc.MetricsMvcEndpoint.value(java.lang.String)
[ INFO ] [2017-08-16 10:46:06] org.springframework.boot.actuate.endpoint.mvc.EndpointHandlerMapping [543] - Mapped "{[/metrics || /metrics.json],methods=[GET],produces=[application/vnd.spring-boot.actuator.v1+json || application/json]}" onto public java.lang.Object org.springframework.boot.actuate.endpoint.mvc.EndpointMvcAdapter.invoke()
[ INFO ] [2017-08-16 10:46:06] org.springframework.boot.actuate.endpoint.mvc.EndpointHandlerMapping [543] - Mapped "{[/trace || /trace.json],methods=[GET],produces=[application/vnd.spring-boot.actuator.v1+json || application/json]}" onto public java.lang.Object org.springframework.boot.actuate.endpoint.mvc.EndpointMvcAdapter.invoke()
[ INFO ] [2017-08-16 10:46:06] TestProjectListService [57] - Started TestProjectListService in 4.515 seconds (JVM running for 6.642)
[ INFO ] [2017-08-16 10:46:06] org.springframework.web.context.support.GenericWebApplicationContext [987] - Closing org.springframework.web.context.support.GenericWebApplicationContext@5ee2b6f9: startup date [Wed Aug 16 10:46:02 CST 2017]; root of context hierarchy
[ INFO ] [2017-08-16 10:46:29] org.springframework.boot.test.context.SpringBootTestContextBootstrapper [319] - Neither @ContextConfiguration nor @ContextHierarchy found for test class [TestProjectListService], using SpringBootContextLoader
[ INFO ] [2017-08-16 10:46:29] org.springframework.test.context.support.AbstractContextLoader [264] - Could not detect default resource locations for test class [TestProjectListService]: no resource found for suffixes {-context.xml, Context.groovy}.
[ INFO ] [2017-08-16 10:46:29] org.springframework.boot.test.context.SpringBootTestContextBootstrapper [260] - Loaded default TestExecutionListener class names from location [META-INF/spring.factories]: [org.springframework.boot.test.mock.mockito.MockitoTestExecutionListener, org.springframework.boot.test.mock.mockito.ResetMocksTestExecutionListener, org.springframework.boot.test.autoconfigure.restdocs.RestDocsTestExecutionListener, org.springframework.boot.test.autoconfigure.web.client.MockRestServiceServerResetTestExecutionListener, org.springframework.boot.test.autoconfigure.web.servlet.MockMvcPrintOnlyOnFailureTestExecutionListener, org.springframework.boot.test.autoconfigure.web.servlet.WebDriverTestExecutionListener, org.springframework.test.context.web.ServletTestExecutionListener, org.springframework.test.context.support.DirtiesContextBeforeModesTestExecutionListener, org.springframework.test.context.support.DependencyInjectionTestExecutionListener, org.springframework.test.context.support.DirtiesContextTestExecutionListener, org.springframework.test.context.transaction.TransactionalTestExecutionListener, org.springframework.test.context.jdbc.SqlScriptsTestExecutionListener]
[ INFO ] [2017-08-16 10:46:29] org.springframework.boot.test.context.SpringBootTestContextBootstrapper [187] - Using TestExecutionListeners: [org.springframework.test.context.web.ServletTestExecutionListener@71687585, org.springframework.test.context.support.DirtiesContextBeforeModesTestExecutionListener@1807f5a7, org.springframework.boot.test.autoconfigure.SpringBootDependencyInjectionTestExecutionListener@1b919693, org.springframework.test.context.support.DirtiesContextTestExecutionListener@7fb4f2a9, org.springframework.test.context.transaction.TransactionalTestExecutionListener@4dc27487, org.springframework.test.context.jdbc.SqlScriptsTestExecutionListener@6a4f1a55, org.springframework.boot.test.autoconfigure.web.servlet.MockMvcPrintOnlyOnFailureTestExecutionListener@7dfd3c81, org.springframework.boot.test.autoconfigure.web.client.MockRestServiceServerResetTestExecutionListener@2584b82d, org.springframework.boot.test.autoconfigure.restdocs.RestDocsTestExecutionListener@7bbc8656, org.springframework.boot.test.mock.mockito.MockitoTestExecutionListener@6933b6c6, org.springframework.boot.test.mock.mockito.ResetMocksTestExecutionListener@7d3e8655, org.springframework.boot.test.autoconfigure.web.servlet.WebDriverTestExecutionListener@7dfb0c0f]
[ INFO ] [2017-08-16 10:46:30] TestProjectListService [48] - Starting TestProjectListService on IPX-JOELS with PID 7140 (started by Administrator in D:\project\aliyunMq)
[ INFO ] [2017-08-16 10:46:30] TestProjectListService [637] - No active profile set, falling back to default profiles: default
[ INFO ] [2017-08-16 10:46:30] org.springframework.web.context.support.GenericWebApplicationContext [582] - Refreshing org.springframework.web.context.support.GenericWebApplicationContext@acdb094: startup date [Wed Aug 16 10:46:30 CST 2017]; root of context hierarchy
[ INFO ] [2017-08-16 10:46:31] org.hibernate.validator.internal.util.Version [30] - HV000001: Hibernate Validator 5.3.4.Final
[ WARN ] [2017-08-16 10:46:31] org.springframework.context.annotation.ConfigurationClassPostProcessor [373] - Cannot enhance @Configuration bean definition 'myBatisMapperScannerConfig' since its singleton instance has been created too early. The typical cause is a non-static @Bean method with a BeanDefinitionRegistryPostProcessor return type: Consider declaring such methods as 'static'.
[ INFO ] [2017-08-16 10:46:32] org.springframework.context.support.PostProcessorRegistrationDelegate$BeanPostProcessorChecker [325] - Bean 'org.springframework.transaction.annotation.ProxyTransactionManagementConfiguration' of type [org.springframework.transaction.annotation.ProxyTransactionManagementConfiguration$$EnhancerBySpringCGLIB$$1aad1af8] is not eligible for getting processed by all BeanPostProcessors (for example: not eligible for auto-proxying)
[ INFO ] [2017-08-16 10:46:32] es.config.MybatisAutoConfiguration$$EnhancerBySpringCGLIB$$23e5845d [69] - 注册MyBatis分页插件PageHelper
[ INFO ] [2017-08-16 10:46:33] org.springframework.web.servlet.mvc.method.annotation.RequestMappingHandlerAdapter [534] - Looking for @ControllerAdvice: org.springframework.web.context.support.GenericWebApplicationContext@acdb094: startup date [Wed Aug 16 10:46:30 CST 2017]; root of context hierarchy
[ INFO ] [2017-08-16 10:46:33] org.springframework.web.servlet.mvc.method.annotation.RequestMappingHandlerMapping [543] - Mapped "{[/error]}" onto public org.springframework.http.ResponseEntity<java.util.Map<java.lang.String, java.lang.Object>> org.springframework.boot.autoconfigure.web.BasicErrorController.error(javax.servlet.http.HttpServletRequest)
[ INFO ] [2017-08-16 10:46:33] org.springframework.web.servlet.mvc.method.annotation.RequestMappingHandlerMapping [543] - Mapped "{[/error],produces=[text/html]}" onto public org.springframework.web.servlet.ModelAndView org.springframework.boot.autoconfigure.web.BasicErrorController.errorHtml(javax.servlet.http.HttpServletRequest,javax.servlet.http.HttpServletResponse)
[ INFO ] [2017-08-16 10:46:33] org.springframework.web.servlet.handler.SimpleUrlHandlerMapping [362] - Mapped URL path [/webjars/**] onto handler of type [class org.springframework.web.servlet.resource.ResourceHttpRequestHandler]
[ INFO ] [2017-08-16 10:46:33] org.springframework.web.servlet.handler.SimpleUrlHandlerMapping [362] - Mapped URL path [/**] onto handler of type [class org.springframework.web.servlet.resource.ResourceHttpRequestHandler]
[ INFO ] [2017-08-16 10:46:33] org.springframework.web.servlet.handler.SimpleUrlHandlerMapping [362] - Mapped URL path [/**/favicon.ico] onto handler of type [class org.springframework.web.servlet.resource.ResourceHttpRequestHandler]
[ INFO ] [2017-08-16 10:46:33] org.springframework.boot.actuate.endpoint.mvc.EndpointHandlerMapping [543] - Mapped "{[/metrics/{name:.*}],methods=[GET],produces=[application/vnd.spring-boot.actuator.v1+json || application/json]}" onto public java.lang.Object org.springframework.boot.actuate.endpoint.mvc.MetricsMvcEndpoint.value(java.lang.String)
[ INFO ] [2017-08-16 10:46:33] org.springframework.boot.actuate.endpoint.mvc.EndpointHandlerMapping [543] - Mapped "{[/metrics || /metrics.json],methods=[GET],produces=[application/vnd.spring-boot.actuator.v1+json || application/json]}" onto public java.lang.Object org.springframework.boot.actuate.endpoint.mvc.EndpointMvcAdapter.invoke()
[ INFO ] [2017-08-16 10:46:33] org.springframework.boot.actuate.endpoint.mvc.EndpointHandlerMapping [543] - Mapped "{[/auditevents || /auditevents.json],methods=[GET],produces=[application/vnd.spring-boot.actuator.v1+json || application/json]}" onto public org.springframework.http.ResponseEntity<?> org.springframework.boot.actuate.endpoint.mvc.AuditEventsMvcEndpoint.findByPrincipalAndAfterAndType(java.lang.String,java.util.Date,java.lang.String)
[ INFO ] [2017-08-16 10:46:33] org.springframework.boot.actuate.endpoint.mvc.EndpointHandlerMapping [543] - Mapped "{[/env/{name:.*}],methods=[GET],produces=[application/vnd.spring-boot.actuator.v1+json || application/json]}" onto public java.lang.Object org.springframework.boot.actuate.endpoint.mvc.EnvironmentMvcEndpoint.value(java.lang.String)
[ INFO ] [2017-08-16 10:46:33] org.springframework.boot.actuate.endpoint.mvc.EndpointHandlerMapping [543] - Mapped "{[/env || /env.json],methods=[GET],produces=[application/vnd.spring-boot.actuator.v1+json || application/json]}" onto public java.lang.Object org.springframework.boot.actuate.endpoint.mvc.EndpointMvcAdapter.invoke()
[ INFO ] [2017-08-16 10:46:33] org.springframework.boot.actuate.endpoint.mvc.EndpointHandlerMapping [543] - Mapped "{[/heapdump || /heapdump.json],methods=[GET],produces=[application/octet-stream]}" onto public void org.springframework.boot.actuate.endpoint.mvc.HeapdumpMvcEndpoint.invoke(boolean,javax.servlet.http.HttpServletRequest,javax.servlet.http.HttpServletResponse) throws java.io.IOException,javax.servlet.ServletException
[ INFO ] [2017-08-16 10:46:33] org.springframework.boot.actuate.endpoint.mvc.EndpointHandlerMapping [543] - Mapped "{[/loggers/{name:.*}],methods=[GET],produces=[application/vnd.spring-boot.actuator.v1+json || application/json]}" onto public java.lang.Object org.springframework.boot.actuate.endpoint.mvc.LoggersMvcEndpoint.get(java.lang.String)
[ INFO ] [2017-08-16 10:46:33] org.springframework.boot.actuate.endpoint.mvc.EndpointHandlerMapping [543] - Mapped "{[/loggers/{name:.*}],methods=[POST],consumes=[application/vnd.spring-boot.actuator.v1+json || application/json],produces=[application/vnd.spring-boot.actuator.v1+json || application/json]}" onto public java.lang.Object org.springframework.boot.actuate.endpoint.mvc.LoggersMvcEndpoint.set(java.lang.String,java.util.Map<java.lang.String, java.lang.String>)
[ INFO ] [2017-08-16 10:46:33] org.springframework.boot.actuate.endpoint.mvc.EndpointHandlerMapping [543] - Mapped "{[/loggers || /loggers.json],methods=[GET],produces=[application/vnd.spring-boot.actuator.v1+json || application/json]}" onto public java.lang.Object org.springframework.boot.actuate.endpoint.mvc.EndpointMvcAdapter.invoke()
[ INFO ] [2017-08-16 10:46:33] org.springframework.boot.actuate.endpoint.mvc.EndpointHandlerMapping [543] - Mapped "{[/autoconfig || /autoconfig.json],methods=[GET],produces=[application/vnd.spring-boot.actuator.v1+json || application/json]}" onto public java.lang.Object org.springframework.boot.actuate.endpoint.mvc.EndpointMvcAdapter.invoke()
[ INFO ] [2017-08-16 10:46:33] org.springframework.boot.actuate.endpoint.mvc.EndpointHandlerMapping [543] - Mapped "{[/configprops || /configprops.json],methods=[GET],produces=[application/vnd.spring-boot.actuator.v1+json || application/json]}" onto public java.lang.Object org.springframework.boot.actuate.endpoint.mvc.EndpointMvcAdapter.invoke()
[ INFO ] [2017-08-16 10:46:33] org.springframework.boot.actuate.endpoint.mvc.EndpointHandlerMapping [543] - Mapped "{[/beans || /beans.json],methods=[GET],produces=[application/vnd.spring-boot.actuator.v1+json || application/json]}" onto public java.lang.Object org.springframework.boot.actuate.endpoint.mvc.EndpointMvcAdapter.invoke()
[ INFO ] [2017-08-16 10:46:33] org.springframework.boot.actuate.endpoint.mvc.EndpointHandlerMapping [543] - Mapped "{[/trace || /trace.json],methods=[GET],produces=[application/vnd.spring-boot.actuator.v1+json || application/json]}" onto public java.lang.Object org.springframework.boot.actuate.endpoint.mvc.EndpointMvcAdapter.invoke()
[ INFO ] [2017-08-16 10:46:33] org.springframework.boot.actuate.endpoint.mvc.EndpointHandlerMapping [543] - Mapped "{[/dump || /dump.json],methods=[GET],produces=[application/vnd.spring-boot.actuator.v1+json || application/json]}" onto public java.lang.Object org.springframework.boot.actuate.endpoint.mvc.EndpointMvcAdapter.invoke()
[ INFO ] [2017-08-16 10:46:33] org.springframework.boot.actuate.endpoint.mvc.EndpointHandlerMapping [543] - Mapped "{[/health || /health.json],methods=[GET],produces=[application/vnd.spring-boot.actuator.v1+json || application/json]}" onto public java.lang.Object org.springframework.boot.actuate.endpoint.mvc.HealthMvcEndpoint.invoke(javax.servlet.http.HttpServletRequest,java.security.Principal)
[ INFO ] [2017-08-16 10:46:33] org.springframework.boot.actuate.endpoint.mvc.EndpointHandlerMapping [543] - Mapped "{[/mappings || /mappings.json],methods=[GET],produces=[application/vnd.spring-boot.actuator.v1+json || application/json]}" onto public java.lang.Object org.springframework.boot.actuate.endpoint.mvc.EndpointMvcAdapter.invoke()
[ INFO ] [2017-08-16 10:46:33] org.springframework.boot.actuate.endpoint.mvc.EndpointHandlerMapping [543] - Mapped "{[/info || /info.json],methods=[GET],produces=[application/vnd.spring-boot.actuator.v1+json || application/json]}" onto public java.lang.Object org.springframework.boot.actuate.endpoint.mvc.EndpointMvcAdapter.invoke()
[ INFO ] [2017-08-16 10:46:34] TestProjectListService [57] - Started TestProjectListService in 4.478 seconds (JVM running for 6.243)
[ INFO ] [2017-08-16 10:46:34] es.config.PerformanceInterceptor [57] - 执行sql之前,sql语句:SELECT project_id,vendor_id,project_no,title,project_type,detail_addr,zip_code,country_code,region_first_code,region_second_code,region_third_code,region_forth_code,project_state,min_price,max_price,front_image,longitude,latitude,target_distance,target_reference,reservation_fee,currency_type,contacts_name,contacts_phone,contacts_email,lawyer_name,lawyer_phone,lawyer_email,is_abroad,abroad_percent,abroad_number,is_under,data_complete,del_flag,creator_id,create_time,version,reservation_detail,property_count,sold_count,quality_year,term_number,last_time,description FROM t_vd_propt_project
[ INFO ] [2017-08-16 10:46:34] com.alibaba.druid.pool.DruidDataSource [715] - {dataSource-1} inited
[ ERROR] [2017-08-16 10:46:55] com.alibaba.druid.pool.DruidDataSource [2001] - create connection error, url: jdbc:mysql://admin_dev.ipx.net:3306/ipxdb, errorCode 0, state 08S01
com.mysql.jdbc.exceptions.jdbc4.CommunicationsException: Communications link failure

The last packet sent successfully to the server was 0 milliseconds ago. The driver has not received any packets from the server.
	at sun.reflect.NativeConstructorAccessorImpl.newInstance0(Native Method)
	at sun.reflect.NativeConstructorAccessorImpl.newInstance(NativeConstructorAccessorImpl.java:62)
	at sun.reflect.DelegatingConstructorAccessorImpl.newInstance(DelegatingConstructorAccessorImpl.java:45)
	at java.lang.reflect.Constructor.newInstance(Constructor.java:423)
	at com.mysql.jdbc.Util.handleNewInstance(Util.java:411)
	at com.mysql.jdbc.SQLError.createCommunicationsException(SQLError.java:1129)
	at com.mysql.jdbc.MysqlIO.<init>(MysqlIO.java:358)
	at com.mysql.jdbc.ConnectionImpl.coreConnect(ConnectionImpl.java:2498)
	at com.mysql.jdbc.ConnectionImpl.connectOneTryOnly(ConnectionImpl.java:2535)
	at com.mysql.jdbc.ConnectionImpl.createNewIO(ConnectionImpl.java:2320)
	at com.mysql.jdbc.ConnectionImpl.<init>(ConnectionImpl.java:834)
	at com.mysql.jdbc.JDBC4Connection.<init>(JDBC4Connection.java:46)
	at sun.reflect.NativeConstructorAccessorImpl.newInstance0(Native Method)
	at sun.reflect.NativeConstructorAccessorImpl.newInstance(NativeConstructorAccessorImpl.java:62)
	at sun.reflect.DelegatingConstructorAccessorImpl.newInstance(DelegatingConstructorAccessorImpl.java:45)
	at java.lang.reflect.Constructor.newInstance(Constructor.java:423)
	at com.mysql.jdbc.Util.handleNewInstance(Util.java:411)
	at com.mysql.jdbc.ConnectionImpl.getInstance(ConnectionImpl.java:416)
	at com.mysql.jdbc.NonRegisteringDriver.connect(NonRegisteringDriver.java:347)
	at com.alibaba.druid.pool.DruidAbstractDataSource.createPhysicalConnection(DruidAbstractDataSource.java:1421)
	at com.alibaba.druid.pool.DruidAbstractDataSource.createPhysicalConnection(DruidAbstractDataSource.java:1477)
	at com.alibaba.druid.pool.DruidDataSource$CreateConnectionThread.run(DruidDataSource.java:1998)
Caused by: java.net.ConnectException: Connection timed out: connect
	at java.net.DualStackPlainSocketImpl.connect0(Native Method)
	at java.net.DualStackPlainSocketImpl.socketConnect(DualStackPlainSocketImpl.java:79)
	at java.net.AbstractPlainSocketImpl.doConnect(AbstractPlainSocketImpl.java:350)
	at java.net.AbstractPlainSocketImpl.connectToAddress(AbstractPlainSocketImpl.java:206)
	at java.net.AbstractPlainSocketImpl.connect(AbstractPlainSocketImpl.java:188)
	at java.net.PlainSocketImpl.connect(PlainSocketImpl.java:172)
	at java.net.SocksSocketImpl.connect(SocksSocketImpl.java:392)
	at java.net.Socket.connect(Socket.java:589)
	at java.net.Socket.connect(Socket.java:538)
	at java.net.Socket.<init>(Socket.java:434)
	at java.net.Socket.<init>(Socket.java:244)
	at com.mysql.jdbc.StandardSocketFactory.connect(StandardSocketFactory.java:256)
	at com.mysql.jdbc.MysqlIO.<init>(MysqlIO.java:308)
	... 15 common frames omitted
[ ERROR] [2017-08-16 10:47:14] com.alibaba.druid.pool.DruidDataSource [2001] - create connection error, url: jdbc:mysql://admin_dev.ipx.net:3306/ipxdb, errorCode 0, state 08S01
com.mysql.jdbc.exceptions.jdbc4.CommunicationsException: Communications link failure

The last packet sent successfully to the server was 0 milliseconds ago. The driver has not received any packets from the server.
	at sun.reflect.NativeConstructorAccessorImpl.newInstance0(Native Method)
	at sun.reflect.NativeConstructorAccessorImpl.newInstance(NativeConstructorAccessorImpl.java:62)
	at sun.reflect.DelegatingConstructorAccessorImpl.newInstance(DelegatingConstructorAccessorImpl.java:45)
	at java.lang.reflect.Constructor.newInstance(Constructor.java:423)
	at com.mysql.jdbc.Util.handleNewInstance(Util.java:411)
	at com.mysql.jdbc.SQLError.createCommunicationsException(SQLError.java:1129)
	at com.mysql.jdbc.MysqlIO.<init>(MysqlIO.java:358)
	at com.mysql.jdbc.ConnectionImpl.coreConnect(ConnectionImpl.java:2498)
	at com.mysql.jdbc.ConnectionImpl.connectOneTryOnly(ConnectionImpl.java:2535)
	at com.mysql.jdbc.ConnectionImpl.createNewIO(ConnectionImpl.java:2320)
	at com.mysql.jdbc.ConnectionImpl.<init>(ConnectionImpl.java:834)
	at com.mysql.jdbc.JDBC4Connection.<init>(JDBC4Connection.java:46)
	at sun.reflect.NativeConstructorAccessorImpl.newInstance0(Native Method)
	at sun.reflect.NativeConstructorAccessorImpl.newInstance(NativeConstructorAccessorImpl.java:62)
	at sun.reflect.DelegatingConstructorAccessorImpl.newInstance(DelegatingConstructorAccessorImpl.java:45)
	at java.lang.reflect.Constructor.newInstance(Constructor.java:423)
	at com.mysql.jdbc.Util.handleNewInstance(Util.java:411)
	at com.mysql.jdbc.ConnectionImpl.getInstance(ConnectionImpl.java:416)
	at com.mysql.jdbc.NonRegisteringDriver.connect(NonRegisteringDriver.java:347)
	at com.alibaba.druid.pool.DruidAbstractDataSource.createPhysicalConnection(DruidAbstractDataSource.java:1421)
	at com.alibaba.druid.pool.DruidAbstractDataSource.createPhysicalConnection(DruidAbstractDataSource.java:1477)
	at com.alibaba.druid.pool.DruidDataSource$CreateConnectionThread.run(DruidDataSource.java:1998)
Caused by: java.net.ConnectException: Connection timed out: connect
	at java.net.DualStackPlainSocketImpl.connect0(Native Method)
	at java.net.DualStackPlainSocketImpl.socketConnect(DualStackPlainSocketImpl.java:79)
	at java.net.AbstractPlainSocketImpl.doConnect(AbstractPlainSocketImpl.java:350)
	at java.net.AbstractPlainSocketImpl.connectToAddress(AbstractPlainSocketImpl.java:206)
	at java.net.AbstractPlainSocketImpl.connect(AbstractPlainSocketImpl.java:188)
	at java.net.PlainSocketImpl.connect(PlainSocketImpl.java:172)
	at java.net.SocksSocketImpl.connect(SocksSocketImpl.java:392)
	at java.net.Socket.connect(Socket.java:589)
	at java.net.Socket.connect(Socket.java:538)
	at java.net.Socket.<init>(Socket.java:434)
	at java.net.Socket.<init>(Socket.java:244)
	at com.mysql.jdbc.StandardSocketFactory.connect(StandardSocketFactory.java:256)
	at com.mysql.jdbc.MysqlIO.<init>(MysqlIO.java:308)
	... 15 common frames omitted
[ INFO ] [2017-08-16 10:47:58] org.springframework.boot.test.context.SpringBootTestContextBootstrapper [319] - Neither @ContextConfiguration nor @ContextHierarchy found for test class [TestProjectListService], using SpringBootContextLoader
[ INFO ] [2017-08-16 10:47:58] org.springframework.test.context.support.AbstractContextLoader [264] - Could not detect default resource locations for test class [TestProjectListService]: no resource found for suffixes {-context.xml, Context.groovy}.
[ INFO ] [2017-08-16 10:47:58] org.springframework.boot.test.context.SpringBootTestContextBootstrapper [260] - Loaded default TestExecutionListener class names from location [META-INF/spring.factories]: [org.springframework.boot.test.mock.mockito.MockitoTestExecutionListener, org.springframework.boot.test.mock.mockito.ResetMocksTestExecutionListener, org.springframework.boot.test.autoconfigure.restdocs.RestDocsTestExecutionListener, org.springframework.boot.test.autoconfigure.web.client.MockRestServiceServerResetTestExecutionListener, org.springframework.boot.test.autoconfigure.web.servlet.MockMvcPrintOnlyOnFailureTestExecutionListener, org.springframework.boot.test.autoconfigure.web.servlet.WebDriverTestExecutionListener, org.springframework.test.context.web.ServletTestExecutionListener, org.springframework.test.context.support.DirtiesContextBeforeModesTestExecutionListener, org.springframework.test.context.support.DependencyInjectionTestExecutionListener, org.springframework.test.context.support.DirtiesContextTestExecutionListener, org.springframework.test.context.transaction.TransactionalTestExecutionListener, org.springframework.test.context.jdbc.SqlScriptsTestExecutionListener]
[ INFO ] [2017-08-16 10:47:58] org.springframework.boot.test.context.SpringBootTestContextBootstrapper [187] - Using TestExecutionListeners: [org.springframework.test.context.web.ServletTestExecutionListener@71687585, org.springframework.test.context.support.DirtiesContextBeforeModesTestExecutionListener@1807f5a7, org.springframework.boot.test.autoconfigure.SpringBootDependencyInjectionTestExecutionListener@1b919693, org.springframework.test.context.support.DirtiesContextTestExecutionListener@7fb4f2a9, org.springframework.test.context.transaction.TransactionalTestExecutionListener@4dc27487, org.springframework.test.context.jdbc.SqlScriptsTestExecutionListener@6a4f1a55, org.springframework.boot.test.autoconfigure.web.servlet.MockMvcPrintOnlyOnFailureTestExecutionListener@7dfd3c81, org.springframework.boot.test.autoconfigure.web.client.MockRestServiceServerResetTestExecutionListener@2584b82d, org.springframework.boot.test.autoconfigure.restdocs.RestDocsTestExecutionListener@7bbc8656, org.springframework.boot.test.mock.mockito.MockitoTestExecutionListener@6933b6c6, org.springframework.boot.test.mock.mockito.ResetMocksTestExecutionListener@7d3e8655, org.springframework.boot.test.autoconfigure.web.servlet.WebDriverTestExecutionListener@7dfb0c0f]
[ INFO ] [2017-08-16 10:47:59] TestProjectListService [48] - Starting TestProjectListService on IPX-JOELS with PID 7060 (started by Administrator in D:\project\aliyunMq)
[ INFO ] [2017-08-16 10:47:59] TestProjectListService [637] - No active profile set, falling back to default profiles: default
[ INFO ] [2017-08-16 10:47:59] org.springframework.web.context.support.GenericWebApplicationContext [582] - Refreshing org.springframework.web.context.support.GenericWebApplicationContext@5ee2b6f9: startup date [Wed Aug 16 10:47:59 CST 2017]; root of context hierarchy
[ INFO ] [2017-08-16 10:48:00] org.hibernate.validator.internal.util.Version [30] - HV000001: Hibernate Validator 5.3.4.Final
[ WARN ] [2017-08-16 10:48:01] org.springframework.context.annotation.ConfigurationClassPostProcessor [373] - Cannot enhance @Configuration bean definition 'myBatisMapperScannerConfig' since its singleton instance has been created too early. The typical cause is a non-static @Bean method with a BeanDefinitionRegistryPostProcessor return type: Consider declaring such methods as 'static'.
[ INFO ] [2017-08-16 10:48:01] org.springframework.context.support.PostProcessorRegistrationDelegate$BeanPostProcessorChecker [325] - Bean 'org.springframework.transaction.annotation.ProxyTransactionManagementConfiguration' of type [org.springframework.transaction.annotation.ProxyTransactionManagementConfiguration$$EnhancerBySpringCGLIB$$f522b697] is not eligible for getting processed by all BeanPostProcessors (for example: not eligible for auto-proxying)
[ INFO ] [2017-08-16 10:48:01] es.config.MybatisAutoConfiguration$$EnhancerBySpringCGLIB$$fe5b1ffc [69] - 注册MyBatis分页插件PageHelper
[ INFO ] [2017-08-16 10:48:02] org.springframework.web.servlet.mvc.method.annotation.RequestMappingHandlerAdapter [534] - Looking for @ControllerAdvice: org.springframework.web.context.support.GenericWebApplicationContext@5ee2b6f9: startup date [Wed Aug 16 10:47:59 CST 2017]; root of context hierarchy
[ INFO ] [2017-08-16 10:48:02] org.springframework.web.servlet.mvc.method.annotation.RequestMappingHandlerMapping [543] - Mapped "{[/error]}" onto public org.springframework.http.ResponseEntity<java.util.Map<java.lang.String, java.lang.Object>> org.springframework.boot.autoconfigure.web.BasicErrorController.error(javax.servlet.http.HttpServletRequest)
[ INFO ] [2017-08-16 10:48:02] org.springframework.web.servlet.mvc.method.annotation.RequestMappingHandlerMapping [543] - Mapped "{[/error],produces=[text/html]}" onto public org.springframework.web.servlet.ModelAndView org.springframework.boot.autoconfigure.web.BasicErrorController.errorHtml(javax.servlet.http.HttpServletRequest,javax.servlet.http.HttpServletResponse)
[ INFO ] [2017-08-16 10:48:02] org.springframework.web.servlet.handler.SimpleUrlHandlerMapping [362] - Mapped URL path [/webjars/**] onto handler of type [class org.springframework.web.servlet.resource.ResourceHttpRequestHandler]
[ INFO ] [2017-08-16 10:48:02] org.springframework.web.servlet.handler.SimpleUrlHandlerMapping [362] - Mapped URL path [/**] onto handler of type [class org.springframework.web.servlet.resource.ResourceHttpRequestHandler]
[ INFO ] [2017-08-16 10:48:02] org.springframework.web.servlet.handler.SimpleUrlHandlerMapping [362] - Mapped URL path [/**/favicon.ico] onto handler of type [class org.springframework.web.servlet.resource.ResourceHttpRequestHandler]
[ INFO ] [2017-08-16 10:48:02] org.springframework.boot.actuate.endpoint.mvc.EndpointHandlerMapping [543] - Mapped "{[/autoconfig || /autoconfig.json],methods=[GET],produces=[application/vnd.spring-boot.actuator.v1+json || application/json]}" onto public java.lang.Object org.springframework.boot.actuate.endpoint.mvc.EndpointMvcAdapter.invoke()
[ INFO ] [2017-08-16 10:48:02] org.springframework.boot.actuate.endpoint.mvc.EndpointHandlerMapping [543] - Mapped "{[/beans || /beans.json],methods=[GET],produces=[application/vnd.spring-boot.actuator.v1+json || application/json]}" onto public java.lang.Object org.springframework.boot.actuate.endpoint.mvc.EndpointMvcAdapter.invoke()
[ INFO ] [2017-08-16 10:48:02] org.springframework.boot.actuate.endpoint.mvc.EndpointHandlerMapping [543] - Mapped "{[/metrics/{name:.*}],methods=[GET],produces=[application/vnd.spring-boot.actuator.v1+json || application/json]}" onto public java.lang.Object org.springframework.boot.actuate.endpoint.mvc.MetricsMvcEndpoint.value(java.lang.String)
[ INFO ] [2017-08-16 10:48:02] org.springframework.boot.actuate.endpoint.mvc.EndpointHandlerMapping [543] - Mapped "{[/metrics || /metrics.json],methods=[GET],produces=[application/vnd.spring-boot.actuator.v1+json || application/json]}" onto public java.lang.Object org.springframework.boot.actuate.endpoint.mvc.EndpointMvcAdapter.invoke()
[ INFO ] [2017-08-16 10:48:02] org.springframework.boot.actuate.endpoint.mvc.EndpointHandlerMapping [543] - Mapped "{[/configprops || /configprops.json],methods=[GET],produces=[application/vnd.spring-boot.actuator.v1+json || application/json]}" onto public java.lang.Object org.springframework.boot.actuate.endpoint.mvc.EndpointMvcAdapter.invoke()
[ INFO ] [2017-08-16 10:48:02] org.springframework.boot.actuate.endpoint.mvc.EndpointHandlerMapping [543] - Mapped "{[/env/{name:.*}],methods=[GET],produces=[application/vnd.spring-boot.actuator.v1+json || application/json]}" onto public java.lang.Object org.springframework.boot.actuate.endpoint.mvc.EnvironmentMvcEndpoint.value(java.lang.String)
[ INFO ] [2017-08-16 10:48:02] org.springframework.boot.actuate.endpoint.mvc.EndpointHandlerMapping [543] - Mapped "{[/env || /env.json],methods=[GET],produces=[application/vnd.spring-boot.actuator.v1+json || application/json]}" onto public java.lang.Object org.springframework.boot.actuate.endpoint.mvc.EndpointMvcAdapter.invoke()
[ INFO ] [2017-08-16 10:48:02] org.springframework.boot.actuate.endpoint.mvc.EndpointHandlerMapping [543] - Mapped "{[/loggers/{name:.*}],methods=[GET],produces=[application/vnd.spring-boot.actuator.v1+json || application/json]}" onto public java.lang.Object org.springframework.boot.actuate.endpoint.mvc.LoggersMvcEndpoint.get(java.lang.String)
[ INFO ] [2017-08-16 10:48:02] org.springframework.boot.actuate.endpoint.mvc.EndpointHandlerMapping [543] - Mapped "{[/loggers/{name:.*}],methods=[POST],consumes=[application/vnd.spring-boot.actuator.v1+json || application/json],produces=[application/vnd.spring-boot.actuator.v1+json || application/json]}" onto public java.lang.Object org.springframework.boot.actuate.endpoint.mvc.LoggersMvcEndpoint.set(java.lang.String,java.util.Map<java.lang.String, java.lang.String>)
[ INFO ] [2017-08-16 10:48:02] org.springframework.boot.actuate.endpoint.mvc.EndpointHandlerMapping [543] - Mapped "{[/loggers || /loggers.json],methods=[GET],produces=[application/vnd.spring-boot.actuator.v1+json || application/json]}" onto public java.lang.Object org.springframework.boot.actuate.endpoint.mvc.EndpointMvcAdapter.invoke()
[ INFO ] [2017-08-16 10:48:02] org.springframework.boot.actuate.endpoint.mvc.EndpointHandlerMapping [543] - Mapped "{[/auditevents || /auditevents.json],methods=[GET],produces=[application/vnd.spring-boot.actuator.v1+json || application/json]}" onto public org.springframework.http.ResponseEntity<?> org.springframework.boot.actuate.endpoint.mvc.AuditEventsMvcEndpoint.findByPrincipalAndAfterAndType(java.lang.String,java.util.Date,java.lang.String)
[ INFO ] [2017-08-16 10:48:02] org.springframework.boot.actuate.endpoint.mvc.EndpointHandlerMapping [543] - Mapped "{[/info || /info.json],methods=[GET],produces=[application/vnd.spring-boot.actuator.v1+json || application/json]}" onto public java.lang.Object org.springframework.boot.actuate.endpoint.mvc.EndpointMvcAdapter.invoke()
[ INFO ] [2017-08-16 10:48:02] org.springframework.boot.actuate.endpoint.mvc.EndpointHandlerMapping [543] - Mapped "{[/heapdump || /heapdump.json],methods=[GET],produces=[application/octet-stream]}" onto public void org.springframework.boot.actuate.endpoint.mvc.HeapdumpMvcEndpoint.invoke(boolean,javax.servlet.http.HttpServletRequest,javax.servlet.http.HttpServletResponse) throws java.io.IOException,javax.servlet.ServletException
[ INFO ] [2017-08-16 10:48:02] org.springframework.boot.actuate.endpoint.mvc.EndpointHandlerMapping [543] - Mapped "{[/mappings || /mappings.json],methods=[GET],produces=[application/vnd.spring-boot.actuator.v1+json || application/json]}" onto public java.lang.Object org.springframework.boot.actuate.endpoint.mvc.EndpointMvcAdapter.invoke()
[ INFO ] [2017-08-16 10:48:02] org.springframework.boot.actuate.endpoint.mvc.EndpointHandlerMapping [543] - Mapped "{[/health || /health.json],methods=[GET],produces=[application/vnd.spring-boot.actuator.v1+json || application/json]}" onto public java.lang.Object org.springframework.boot.actuate.endpoint.mvc.HealthMvcEndpoint.invoke(javax.servlet.http.HttpServletRequest,java.security.Principal)
[ INFO ] [2017-08-16 10:48:02] org.springframework.boot.actuate.endpoint.mvc.EndpointHandlerMapping [543] - Mapped "{[/dump || /dump.json],methods=[GET],produces=[application/vnd.spring-boot.actuator.v1+json || application/json]}" onto public java.lang.Object org.springframework.boot.actuate.endpoint.mvc.EndpointMvcAdapter.invoke()
[ INFO ] [2017-08-16 10:48:02] org.springframework.boot.actuate.endpoint.mvc.EndpointHandlerMapping [543] - Mapped "{[/trace || /trace.json],methods=[GET],produces=[application/vnd.spring-boot.actuator.v1+json || application/json]}" onto public java.lang.Object org.springframework.boot.actuate.endpoint.mvc.EndpointMvcAdapter.invoke()
[ INFO ] [2017-08-16 10:48:03] TestProjectListService [57] - Started TestProjectListService in 4.651 seconds (JVM running for 5.529)
[ INFO ] [2017-08-16 10:48:03] es.config.PerformanceInterceptor [57] - 执行sql之前,sql语句:SELECT project_id,vendor_id,project_no,title,project_type,detail_addr,zip_code,country_code,region_first_code,region_second_code,region_third_code,region_forth_code,project_state,min_price,max_price,front_image,longitude,latitude,target_distance,target_reference,reservation_fee,currency_type,contacts_name,contacts_phone,contacts_email,lawyer_name,lawyer_phone,lawyer_email,is_abroad,abroad_percent,abroad_number,is_under,data_complete,del_flag,creator_id,create_time,version,reservation_detail,property_count,sold_count,quality_year,term_number,last_time,description FROM t_vd_propt_project
[ INFO ] [2017-08-16 10:48:03] com.alibaba.druid.pool.DruidDataSource [715] - {dataSource-1} inited
[ INFO ] [2017-08-16 10:48:03] es.config.PerformanceInterceptor [62] - sql@@@：325 ms - id:es.dao.TVdProptProjectMapper.selectAll - Sql:SELECT project_id,vendor_id,project_no,title,project_type,detail_addr,zip_code,country_code,region_first_code,region_second_code,region_third_code,region_forth_code,project_state,min_price,max_price,front_image,longitude,latitude,target_distance,target_reference,reservation_fee,currency_type,contacts_name,contacts_phone,contacts_email,lawyer_name,lawyer_phone,lawyer_email,is_abroad,abroad_percent,abroad_number,is_under,data_complete,del_flag,creator_id,create_time,version,reservation_detail,property_count,sold_count,quality_year,term_number,last_time,description FROM t_vd_propt_project
[ INFO ] [2017-08-16 10:48:03] org.springframework.web.context.support.GenericWebApplicationContext [987] - Closing org.springframework.web.context.support.GenericWebApplicationContext@5ee2b6f9: startup date [Wed Aug 16 10:47:59 CST 2017]; root of context hierarchy
[ INFO ] [2017-08-16 10:48:03] com.alibaba.druid.pool.DruidDataSource [1444] - {dataSource-1} closed
[ INFO ] [2017-08-16 10:49:21] org.springframework.boot.test.context.SpringBootTestContextBootstrapper [319] - Neither @ContextConfiguration nor @ContextHierarchy found for test class [TestProjectListService], using SpringBootContextLoader
[ INFO ] [2017-08-16 10:49:21] org.springframework.test.context.support.AbstractContextLoader [264] - Could not detect default resource locations for test class [TestProjectListService]: no resource found for suffixes {-context.xml, Context.groovy}.
[ INFO ] [2017-08-16 10:49:21] org.springframework.boot.test.context.SpringBootTestContextBootstrapper [260] - Loaded default TestExecutionListener class names from location [META-INF/spring.factories]: [org.springframework.boot.test.mock.mockito.MockitoTestExecutionListener, org.springframework.boot.test.mock.mockito.ResetMocksTestExecutionListener, org.springframework.boot.test.autoconfigure.restdocs.RestDocsTestExecutionListener, org.springframework.boot.test.autoconfigure.web.client.MockRestServiceServerResetTestExecutionListener, org.springframework.boot.test.autoconfigure.web.servlet.MockMvcPrintOnlyOnFailureTestExecutionListener, org.springframework.boot.test.autoconfigure.web.servlet.WebDriverTestExecutionListener, org.springframework.test.context.web.ServletTestExecutionListener, org.springframework.test.context.support.DirtiesContextBeforeModesTestExecutionListener, org.springframework.test.context.support.DependencyInjectionTestExecutionListener, org.springframework.test.context.support.DirtiesContextTestExecutionListener, org.springframework.test.context.transaction.TransactionalTestExecutionListener, org.springframework.test.context.jdbc.SqlScriptsTestExecutionListener]
[ INFO ] [2017-08-16 10:49:21] org.springframework.boot.test.context.SpringBootTestContextBootstrapper [187] - Using TestExecutionListeners: [org.springframework.test.context.web.ServletTestExecutionListener@71687585, org.springframework.test.context.support.DirtiesContextBeforeModesTestExecutionListener@1807f5a7, org.springframework.boot.test.autoconfigure.SpringBootDependencyInjectionTestExecutionListener@1b919693, org.springframework.test.context.support.DirtiesContextTestExecutionListener@7fb4f2a9, org.springframework.test.context.transaction.TransactionalTestExecutionListener@4dc27487, org.springframework.test.context.jdbc.SqlScriptsTestExecutionListener@6a4f1a55, org.springframework.boot.test.autoconfigure.web.servlet.MockMvcPrintOnlyOnFailureTestExecutionListener@7dfd3c81, org.springframework.boot.test.autoconfigure.web.client.MockRestServiceServerResetTestExecutionListener@2584b82d, org.springframework.boot.test.autoconfigure.restdocs.RestDocsTestExecutionListener@7bbc8656, org.springframework.boot.test.mock.mockito.MockitoTestExecutionListener@6933b6c6, org.springframework.boot.test.mock.mockito.ResetMocksTestExecutionListener@7d3e8655, org.springframework.boot.test.autoconfigure.web.servlet.WebDriverTestExecutionListener@7dfb0c0f]
[ INFO ] [2017-08-16 10:49:22] TestProjectListService [48] - Starting TestProjectListService on IPX-JOELS with PID 7108 (started by Administrator in D:\project\aliyunMq)
[ INFO ] [2017-08-16 10:49:22] TestProjectListService [637] - No active profile set, falling back to default profiles: default
[ INFO ] [2017-08-16 10:49:22] org.springframework.web.context.support.GenericWebApplicationContext [582] - Refreshing org.springframework.web.context.support.GenericWebApplicationContext@acdb094: startup date [Wed Aug 16 10:49:22 CST 2017]; root of context hierarchy
[ INFO ] [2017-08-16 10:49:23] org.hibernate.validator.internal.util.Version [30] - HV000001: Hibernate Validator 5.3.4.Final
[ WARN ] [2017-08-16 10:49:23] org.springframework.context.annotation.ConfigurationClassPostProcessor [373] - Cannot enhance @Configuration bean definition 'myBatisMapperScannerConfig' since its singleton instance has been created too early. The typical cause is a non-static @Bean method with a BeanDefinitionRegistryPostProcessor return type: Consider declaring such methods as 'static'.
[ INFO ] [2017-08-16 10:49:24] org.springframework.context.support.PostProcessorRegistrationDelegate$BeanPostProcessorChecker [325] - Bean 'org.springframework.transaction.annotation.ProxyTransactionManagementConfiguration' of type [org.springframework.transaction.annotation.ProxyTransactionManagementConfiguration$$EnhancerBySpringCGLIB$$2614f00] is not eligible for getting processed by all BeanPostProcessors (for example: not eligible for auto-proxying)
[ INFO ] [2017-08-16 10:49:24] es.config.MybatisAutoConfiguration$$EnhancerBySpringCGLIB$$b99b865 [69] - 注册MyBatis分页插件PageHelper
[ INFO ] [2017-08-16 10:49:25] org.springframework.web.servlet.mvc.method.annotation.RequestMappingHandlerAdapter [534] - Looking for @ControllerAdvice: org.springframework.web.context.support.GenericWebApplicationContext@acdb094: startup date [Wed Aug 16 10:49:22 CST 2017]; root of context hierarchy
[ INFO ] [2017-08-16 10:49:25] org.springframework.web.servlet.mvc.method.annotation.RequestMappingHandlerMapping [543] - Mapped "{[/error]}" onto public org.springframework.http.ResponseEntity<java.util.Map<java.lang.String, java.lang.Object>> org.springframework.boot.autoconfigure.web.BasicErrorController.error(javax.servlet.http.HttpServletRequest)
[ INFO ] [2017-08-16 10:49:25] org.springframework.web.servlet.mvc.method.annotation.RequestMappingHandlerMapping [543] - Mapped "{[/error],produces=[text/html]}" onto public org.springframework.web.servlet.ModelAndView org.springframework.boot.autoconfigure.web.BasicErrorController.errorHtml(javax.servlet.http.HttpServletRequest,javax.servlet.http.HttpServletResponse)
[ INFO ] [2017-08-16 10:49:25] org.springframework.web.servlet.handler.SimpleUrlHandlerMapping [362] - Mapped URL path [/webjars/**] onto handler of type [class org.springframework.web.servlet.resource.ResourceHttpRequestHandler]
[ INFO ] [2017-08-16 10:49:25] org.springframework.web.servlet.handler.SimpleUrlHandlerMapping [362] - Mapped URL path [/**] onto handler of type [class org.springframework.web.servlet.resource.ResourceHttpRequestHandler]
[ INFO ] [2017-08-16 10:49:25] org.springframework.web.servlet.handler.SimpleUrlHandlerMapping [362] - Mapped URL path [/**/favicon.ico] onto handler of type [class org.springframework.web.servlet.resource.ResourceHttpRequestHandler]
[ INFO ] [2017-08-16 10:49:25] org.springframework.boot.actuate.endpoint.mvc.EndpointHandlerMapping [543] - Mapped "{[/metrics/{name:.*}],methods=[GET],produces=[application/vnd.spring-boot.actuator.v1+json || application/json]}" onto public java.lang.Object org.springframework.boot.actuate.endpoint.mvc.MetricsMvcEndpoint.value(java.lang.String)
[ INFO ] [2017-08-16 10:49:25] org.springframework.boot.actuate.endpoint.mvc.EndpointHandlerMapping [543] - Mapped "{[/metrics || /metrics.json],methods=[GET],produces=[application/vnd.spring-boot.actuator.v1+json || application/json]}" onto public java.lang.Object org.springframework.boot.actuate.endpoint.mvc.EndpointMvcAdapter.invoke()
[ INFO ] [2017-08-16 10:49:25] org.springframework.boot.actuate.endpoint.mvc.EndpointHandlerMapping [543] - Mapped "{[/heapdump || /heapdump.json],methods=[GET],produces=[application/octet-stream]}" onto public void org.springframework.boot.actuate.endpoint.mvc.HeapdumpMvcEndpoint.invoke(boolean,javax.servlet.http.HttpServletRequest,javax.servlet.http.HttpServletResponse) throws java.io.IOException,javax.servlet.ServletException
[ INFO ] [2017-08-16 10:49:25] org.springframework.boot.actuate.endpoint.mvc.EndpointHandlerMapping [543] - Mapped "{[/info || /info.json],methods=[GET],produces=[application/vnd.spring-boot.actuator.v1+json || application/json]}" onto public java.lang.Object org.springframework.boot.actuate.endpoint.mvc.EndpointMvcAdapter.invoke()
[ INFO ] [2017-08-16 10:49:25] org.springframework.boot.actuate.endpoint.mvc.EndpointHandlerMapping [543] - Mapped "{[/mappings || /mappings.json],methods=[GET],produces=[application/vnd.spring-boot.actuator.v1+json || application/json]}" onto public java.lang.Object org.springframework.boot.actuate.endpoint.mvc.EndpointMvcAdapter.invoke()
[ INFO ] [2017-08-16 10:49:25] org.springframework.boot.actuate.endpoint.mvc.EndpointHandlerMapping [543] - Mapped "{[/beans || /beans.json],methods=[GET],produces=[application/vnd.spring-boot.actuator.v1+json || application/json]}" onto public java.lang.Object org.springframework.boot.actuate.endpoint.mvc.EndpointMvcAdapter.invoke()
[ INFO ] [2017-08-16 10:49:25] org.springframework.boot.actuate.endpoint.mvc.EndpointHandlerMapping [543] - Mapped "{[/autoconfig || /autoconfig.json],methods=[GET],produces=[application/vnd.spring-boot.actuator.v1+json || application/json]}" onto public java.lang.Object org.springframework.boot.actuate.endpoint.mvc.EndpointMvcAdapter.invoke()
[ INFO ] [2017-08-16 10:49:25] org.springframework.boot.actuate.endpoint.mvc.EndpointHandlerMapping [543] - Mapped "{[/trace || /trace.json],methods=[GET],produces=[application/vnd.spring-boot.actuator.v1+json || application/json]}" onto public java.lang.Object org.springframework.boot.actuate.endpoint.mvc.EndpointMvcAdapter.invoke()
[ INFO ] [2017-08-16 10:49:25] org.springframework.boot.actuate.endpoint.mvc.EndpointHandlerMapping [543] - Mapped "{[/configprops || /configprops.json],methods=[GET],produces=[application/vnd.spring-boot.actuator.v1+json || application/json]}" onto public java.lang.Object org.springframework.boot.actuate.endpoint.mvc.EndpointMvcAdapter.invoke()
[ INFO ] [2017-08-16 10:49:25] org.springframework.boot.actuate.endpoint.mvc.EndpointHandlerMapping [543] - Mapped "{[/dump || /dump.json],methods=[GET],produces=[application/vnd.spring-boot.actuator.v1+json || application/json]}" onto public java.lang.Object org.springframework.boot.actuate.endpoint.mvc.EndpointMvcAdapter.invoke()
[ INFO ] [2017-08-16 10:49:25] org.springframework.boot.actuate.endpoint.mvc.EndpointHandlerMapping [543] - Mapped "{[/env/{name:.*}],methods=[GET],produces=[application/vnd.spring-boot.actuator.v1+json || application/json]}" onto public java.lang.Object org.springframework.boot.actuate.endpoint.mvc.EnvironmentMvcEndpoint.value(java.lang.String)
[ INFO ] [2017-08-16 10:49:25] org.springframework.boot.actuate.endpoint.mvc.EndpointHandlerMapping [543] - Mapped "{[/env || /env.json],methods=[GET],produces=[application/vnd.spring-boot.actuator.v1+json || application/json]}" onto public java.lang.Object org.springframework.boot.actuate.endpoint.mvc.EndpointMvcAdapter.invoke()
[ INFO ] [2017-08-16 10:49:25] org.springframework.boot.actuate.endpoint.mvc.EndpointHandlerMapping [543] - Mapped "{[/auditevents || /auditevents.json],methods=[GET],produces=[application/vnd.spring-boot.actuator.v1+json || application/json]}" onto public org.springframework.http.ResponseEntity<?> org.springframework.boot.actuate.endpoint.mvc.AuditEventsMvcEndpoint.findByPrincipalAndAfterAndType(java.lang.String,java.util.Date,java.lang.String)
[ INFO ] [2017-08-16 10:49:25] org.springframework.boot.actuate.endpoint.mvc.EndpointHandlerMapping [543] - Mapped "{[/health || /health.json],methods=[GET],produces=[application/vnd.spring-boot.actuator.v1+json || application/json]}" onto public java.lang.Object org.springframework.boot.actuate.endpoint.mvc.HealthMvcEndpoint.invoke(javax.servlet.http.HttpServletRequest,java.security.Principal)
[ INFO ] [2017-08-16 10:49:25] org.springframework.boot.actuate.endpoint.mvc.EndpointHandlerMapping [543] - Mapped "{[/loggers/{name:.*}],methods=[GET],produces=[application/vnd.spring-boot.actuator.v1+json || application/json]}" onto public java.lang.Object org.springframework.boot.actuate.endpoint.mvc.LoggersMvcEndpoint.get(java.lang.String)
[ INFO ] [2017-08-16 10:49:25] org.springframework.boot.actuate.endpoint.mvc.EndpointHandlerMapping [543] - Mapped "{[/loggers/{name:.*}],methods=[POST],consumes=[application/vnd.spring-boot.actuator.v1+json || application/json],produces=[application/vnd.spring-boot.actuator.v1+json || application/json]}" onto public java.lang.Object org.springframework.boot.actuate.endpoint.mvc.LoggersMvcEndpoint.set(java.lang.String,java.util.Map<java.lang.String, java.lang.String>)
[ INFO ] [2017-08-16 10:49:25] org.springframework.boot.actuate.endpoint.mvc.EndpointHandlerMapping [543] - Mapped "{[/loggers || /loggers.json],methods=[GET],produces=[application/vnd.spring-boot.actuator.v1+json || application/json]}" onto public java.lang.Object org.springframework.boot.actuate.endpoint.mvc.EndpointMvcAdapter.invoke()
[ INFO ] [2017-08-16 10:49:26] TestProjectListService [57] - Started TestProjectListService in 3.846 seconds (JVM running for 5.786)
[ INFO ] [2017-08-16 10:49:26] es.config.PerformanceInterceptor [57] - 执行sql之前,sql语句:SELECT project_id,vendor_id,project_no,title,project_type,detail_addr,zip_code,country_code,region_first_code,region_second_code,region_third_code,region_forth_code,project_state,min_price,max_price,front_image,longitude,latitude,target_distance,target_reference,reservation_fee,currency_type,contacts_name,contacts_phone,contacts_email,lawyer_name,lawyer_phone,lawyer_email,is_abroad,abroad_percent,abroad_number,is_under,data_complete,del_flag,creator_id,create_time,version,reservation_detail,property_count,sold_count,quality_year,term_number,last_time,description FROM t_vd_propt_project
[ INFO ] [2017-08-16 10:49:26] com.alibaba.druid.pool.DruidDataSource [715] - {dataSource-1} inited
[ INFO ] [2017-08-16 10:49:26] es.config.PerformanceInterceptor [62] - sql@@@：318 ms - id:es.dao.TVdProptProjectMapper.selectAll - Sql:SELECT project_id,vendor_id,project_no,title,project_type,detail_addr,zip_code,country_code,region_first_code,region_second_code,region_third_code,region_forth_code,project_state,min_price,max_price,front_image,longitude,latitude,target_distance,target_reference,reservation_fee,currency_type,contacts_name,contacts_phone,contacts_email,lawyer_name,lawyer_phone,lawyer_email,is_abroad,abroad_percent,abroad_number,is_under,data_complete,del_flag,creator_id,create_time,version,reservation_detail,property_count,sold_count,quality_year,term_number,last_time,description FROM t_vd_propt_project
[ INFO ] [2017-08-16 10:49:26] es.service.impl.IndexProjectListService [32] - 获取项目数量为:10
[ INFO ] [2017-08-16 10:49:56] es.service.impl.IndexProjectListService [46] - 索引项目列表,成功--10,失败--0
[ INFO ] [2017-08-16 10:49:56] org.springframework.web.context.support.GenericWebApplicationContext [987] - Closing org.springframework.web.context.support.GenericWebApplicationContext@acdb094: startup date [Wed Aug 16 10:49:22 CST 2017]; root of context hierarchy
[ INFO ] [2017-08-16 10:49:56] com.alibaba.druid.pool.DruidDataSource [1444] - {dataSource-1} closed
[ INFO ] [2017-08-16 10:50:10] org.springframework.boot.test.context.SpringBootTestContextBootstrapper [319] - Neither @ContextConfiguration nor @ContextHierarchy found for test class [TestProjectListService], using SpringBootContextLoader
[ INFO ] [2017-08-16 10:50:10] org.springframework.test.context.support.AbstractContextLoader [264] - Could not detect default resource locations for test class [TestProjectListService]: no resource found for suffixes {-context.xml, Context.groovy}.
[ INFO ] [2017-08-16 10:50:10] org.springframework.boot.test.context.SpringBootTestContextBootstrapper [260] - Loaded default TestExecutionListener class names from location [META-INF/spring.factories]: [org.springframework.boot.test.mock.mockito.MockitoTestExecutionListener, org.springframework.boot.test.mock.mockito.ResetMocksTestExecutionListener, org.springframework.boot.test.autoconfigure.restdocs.RestDocsTestExecutionListener, org.springframework.boot.test.autoconfigure.web.client.MockRestServiceServerResetTestExecutionListener, org.springframework.boot.test.autoconfigure.web.servlet.MockMvcPrintOnlyOnFailureTestExecutionListener, org.springframework.boot.test.autoconfigure.web.servlet.WebDriverTestExecutionListener, org.springframework.test.context.web.ServletTestExecutionListener, org.springframework.test.context.support.DirtiesContextBeforeModesTestExecutionListener, org.springframework.test.context.support.DependencyInjectionTestExecutionListener, org.springframework.test.context.support.DirtiesContextTestExecutionListener, org.springframework.test.context.transaction.TransactionalTestExecutionListener, org.springframework.test.context.jdbc.SqlScriptsTestExecutionListener]
[ INFO ] [2017-08-16 10:50:10] org.springframework.boot.test.context.SpringBootTestContextBootstrapper [187] - Using TestExecutionListeners: [org.springframework.test.context.web.ServletTestExecutionListener@71687585, org.springframework.test.context.support.DirtiesContextBeforeModesTestExecutionListener@1807f5a7, org.springframework.boot.test.autoconfigure.SpringBootDependencyInjectionTestExecutionListener@1b919693, org.springframework.test.context.support.DirtiesContextTestExecutionListener@7fb4f2a9, org.springframework.test.context.transaction.TransactionalTestExecutionListener@4dc27487, org.springframework.test.context.jdbc.SqlScriptsTestExecutionListener@6a4f1a55, org.springframework.boot.test.autoconfigure.web.servlet.MockMvcPrintOnlyOnFailureTestExecutionListener@7dfd3c81, org.springframework.boot.test.autoconfigure.web.client.MockRestServiceServerResetTestExecutionListener@2584b82d, org.springframework.boot.test.autoconfigure.restdocs.RestDocsTestExecutionListener@7bbc8656, org.springframework.boot.test.mock.mockito.MockitoTestExecutionListener@6933b6c6, org.springframework.boot.test.mock.mockito.ResetMocksTestExecutionListener@7d3e8655, org.springframework.boot.test.autoconfigure.web.servlet.WebDriverTestExecutionListener@7dfb0c0f]
[ INFO ] [2017-08-16 10:50:11] TestProjectListService [48] - Starting TestProjectListService on IPX-JOELS with PID 6844 (started by Administrator in D:\project\aliyunMq)
[ INFO ] [2017-08-16 10:50:11] TestProjectListService [637] - No active profile set, falling back to default profiles: default
[ INFO ] [2017-08-16 10:50:11] org.springframework.web.context.support.GenericWebApplicationContext [582] - Refreshing org.springframework.web.context.support.GenericWebApplicationContext@58fb7731: startup date [Wed Aug 16 10:50:11 CST 2017]; root of context hierarchy
[ INFO ] [2017-08-16 10:50:11] org.hibernate.validator.internal.util.Version [30] - HV000001: Hibernate Validator 5.3.4.Final
[ WARN ] [2017-08-16 10:50:12] org.springframework.context.annotation.ConfigurationClassPostProcessor [373] - Cannot enhance @Configuration bean definition 'myBatisMapperScannerConfig' since its singleton instance has been created too early. The typical cause is a non-static @Bean method with a BeanDefinitionRegistryPostProcessor return type: Consider declaring such methods as 'static'.
[ INFO ] [2017-08-16 10:50:12] org.springframework.context.support.PostProcessorRegistrationDelegate$BeanPostProcessorChecker [325] - Bean 'org.springframework.transaction.annotation.ProxyTransactionManagementConfiguration' of type [org.springframework.transaction.annotation.ProxyTransactionManagementConfiguration$$EnhancerBySpringCGLIB$$268cc1ba] is not eligible for getting processed by all BeanPostProcessors (for example: not eligible for auto-proxying)
[ INFO ] [2017-08-16 10:50:12] es.config.MybatisAutoConfiguration$$EnhancerBySpringCGLIB$$2fc52b1f [69] - 注册MyBatis分页插件PageHelper
[ INFO ] [2017-08-16 10:50:13] org.springframework.web.servlet.mvc.method.annotation.RequestMappingHandlerAdapter [534] - Looking for @ControllerAdvice: org.springframework.web.context.support.GenericWebApplicationContext@58fb7731: startup date [Wed Aug 16 10:50:11 CST 2017]; root of context hierarchy
[ INFO ] [2017-08-16 10:50:13] org.springframework.web.servlet.mvc.method.annotation.RequestMappingHandlerMapping [543] - Mapped "{[/error]}" onto public org.springframework.http.ResponseEntity<java.util.Map<java.lang.String, java.lang.Object>> org.springframework.boot.autoconfigure.web.BasicErrorController.error(javax.servlet.http.HttpServletRequest)
[ INFO ] [2017-08-16 10:50:13] org.springframework.web.servlet.mvc.method.annotation.RequestMappingHandlerMapping [543] - Mapped "{[/error],produces=[text/html]}" onto public org.springframework.web.servlet.ModelAndView org.springframework.boot.autoconfigure.web.BasicErrorController.errorHtml(javax.servlet.http.HttpServletRequest,javax.servlet.http.HttpServletResponse)
[ INFO ] [2017-08-16 10:50:13] org.springframework.web.servlet.handler.SimpleUrlHandlerMapping [362] - Mapped URL path [/webjars/**] onto handler of type [class org.springframework.web.servlet.resource.ResourceHttpRequestHandler]
[ INFO ] [2017-08-16 10:50:13] org.springframework.web.servlet.handler.SimpleUrlHandlerMapping [362] - Mapped URL path [/**] onto handler of type [class org.springframework.web.servlet.resource.ResourceHttpRequestHandler]
[ INFO ] [2017-08-16 10:50:13] org.springframework.web.servlet.handler.SimpleUrlHandlerMapping [362] - Mapped URL path [/**/favicon.ico] onto handler of type [class org.springframework.web.servlet.resource.ResourceHttpRequestHandler]
[ INFO ] [2017-08-16 10:50:14] org.springframework.boot.actuate.endpoint.mvc.EndpointHandlerMapping [543] - Mapped "{[/auditevents || /auditevents.json],methods=[GET],produces=[application/vnd.spring-boot.actuator.v1+json || application/json]}" onto public org.springframework.http.ResponseEntity<?> org.springframework.boot.actuate.endpoint.mvc.AuditEventsMvcEndpoint.findByPrincipalAndAfterAndType(java.lang.String,java.util.Date,java.lang.String)
[ INFO ] [2017-08-16 10:50:14] org.springframework.boot.actuate.endpoint.mvc.EndpointHandlerMapping [543] - Mapped "{[/autoconfig || /autoconfig.json],methods=[GET],produces=[application/vnd.spring-boot.actuator.v1+json || application/json]}" onto public java.lang.Object org.springframework.boot.actuate.endpoint.mvc.EndpointMvcAdapter.invoke()
[ INFO ] [2017-08-16 10:50:14] org.springframework.boot.actuate.endpoint.mvc.EndpointHandlerMapping [543] - Mapped "{[/dump || /dump.json],methods=[GET],produces=[application/vnd.spring-boot.actuator.v1+json || application/json]}" onto public java.lang.Object org.springframework.boot.actuate.endpoint.mvc.EndpointMvcAdapter.invoke()
[ INFO ] [2017-08-16 10:50:14] org.springframework.boot.actuate.endpoint.mvc.EndpointHandlerMapping [543] - Mapped "{[/info || /info.json],methods=[GET],produces=[application/vnd.spring-boot.actuator.v1+json || application/json]}" onto public java.lang.Object org.springframework.boot.actuate.endpoint.mvc.EndpointMvcAdapter.invoke()
[ INFO ] [2017-08-16 10:50:14] org.springframework.boot.actuate.endpoint.mvc.EndpointHandlerMapping [543] - Mapped "{[/heapdump || /heapdump.json],methods=[GET],produces=[application/octet-stream]}" onto public void org.springframework.boot.actuate.endpoint.mvc.HeapdumpMvcEndpoint.invoke(boolean,javax.servlet.http.HttpServletRequest,javax.servlet.http.HttpServletResponse) throws java.io.IOException,javax.servlet.ServletException
[ INFO ] [2017-08-16 10:50:14] org.springframework.boot.actuate.endpoint.mvc.EndpointHandlerMapping [543] - Mapped "{[/beans || /beans.json],methods=[GET],produces=[application/vnd.spring-boot.actuator.v1+json || application/json]}" onto public java.lang.Object org.springframework.boot.actuate.endpoint.mvc.EndpointMvcAdapter.invoke()
[ INFO ] [2017-08-16 10:50:14] org.springframework.boot.actuate.endpoint.mvc.EndpointHandlerMapping [543] - Mapped "{[/trace || /trace.json],methods=[GET],produces=[application/vnd.spring-boot.actuator.v1+json || application/json]}" onto public java.lang.Object org.springframework.boot.actuate.endpoint.mvc.EndpointMvcAdapter.invoke()
[ INFO ] [2017-08-16 10:50:14] org.springframework.boot.actuate.endpoint.mvc.EndpointHandlerMapping [543] - Mapped "{[/configprops || /configprops.json],methods=[GET],produces=[application/vnd.spring-boot.actuator.v1+json || application/json]}" onto public java.lang.Object org.springframework.boot.actuate.endpoint.mvc.EndpointMvcAdapter.invoke()
[ INFO ] [2017-08-16 10:50:14] org.springframework.boot.actuate.endpoint.mvc.EndpointHandlerMapping [543] - Mapped "{[/metrics/{name:.*}],methods=[GET],produces=[application/vnd.spring-boot.actuator.v1+json || application/json]}" onto public java.lang.Object org.springframework.boot.actuate.endpoint.mvc.MetricsMvcEndpoint.value(java.lang.String)
[ INFO ] [2017-08-16 10:50:14] org.springframework.boot.actuate.endpoint.mvc.EndpointHandlerMapping [543] - Mapped "{[/metrics || /metrics.json],methods=[GET],produces=[application/vnd.spring-boot.actuator.v1+json || application/json]}" onto public java.lang.Object org.springframework.boot.actuate.endpoint.mvc.EndpointMvcAdapter.invoke()
[ INFO ] [2017-08-16 10:50:14] org.springframework.boot.actuate.endpoint.mvc.EndpointHandlerMapping [543] - Mapped "{[/loggers/{name:.*}],methods=[GET],produces=[application/vnd.spring-boot.actuator.v1+json || application/json]}" onto public java.lang.Object org.springframework.boot.actuate.endpoint.mvc.LoggersMvcEndpoint.get(java.lang.String)
[ INFO ] [2017-08-16 10:50:14] org.springframework.boot.actuate.endpoint.mvc.EndpointHandlerMapping [543] - Mapped "{[/loggers/{name:.*}],methods=[POST],consumes=[application/vnd.spring-boot.actuator.v1+json || application/json],produces=[application/vnd.spring-boot.actuator.v1+json || application/json]}" onto public java.lang.Object org.springframework.boot.actuate.endpoint.mvc.LoggersMvcEndpoint.set(java.lang.String,java.util.Map<java.lang.String, java.lang.String>)
[ INFO ] [2017-08-16 10:50:14] org.springframework.boot.actuate.endpoint.mvc.EndpointHandlerMapping [543] - Mapped "{[/loggers || /loggers.json],methods=[GET],produces=[application/vnd.spring-boot.actuator.v1+json || application/json]}" onto public java.lang.Object org.springframework.boot.actuate.endpoint.mvc.EndpointMvcAdapter.invoke()
[ INFO ] [2017-08-16 10:50:14] org.springframework.boot.actuate.endpoint.mvc.EndpointHandlerMapping [543] - Mapped "{[/env/{name:.*}],methods=[GET],produces=[application/vnd.spring-boot.actuator.v1+json || application/json]}" onto public java.lang.Object org.springframework.boot.actuate.endpoint.mvc.EnvironmentMvcEndpoint.value(java.lang.String)
[ INFO ] [2017-08-16 10:50:14] org.springframework.boot.actuate.endpoint.mvc.EndpointHandlerMapping [543] - Mapped "{[/env || /env.json],methods=[GET],produces=[application/vnd.spring-boot.actuator.v1+json || application/json]}" onto public java.lang.Object org.springframework.boot.actuate.endpoint.mvc.EndpointMvcAdapter.invoke()
[ INFO ] [2017-08-16 10:50:14] org.springframework.boot.actuate.endpoint.mvc.EndpointHandlerMapping [543] - Mapped "{[/mappings || /mappings.json],methods=[GET],produces=[application/vnd.spring-boot.actuator.v1+json || application/json]}" onto public java.lang.Object org.springframework.boot.actuate.endpoint.mvc.EndpointMvcAdapter.invoke()
[ INFO ] [2017-08-16 10:50:14] org.springframework.boot.actuate.endpoint.mvc.EndpointHandlerMapping [543] - Mapped "{[/health || /health.json],methods=[GET],produces=[application/vnd.spring-boot.actuator.v1+json || application/json]}" onto public java.lang.Object org.springframework.boot.actuate.endpoint.mvc.HealthMvcEndpoint.invoke(javax.servlet.http.HttpServletRequest,java.security.Principal)
[ INFO ] [2017-08-16 10:50:14] TestProjectListService [57] - Started TestProjectListService in 3.963 seconds (JVM running for 5.341)
[ INFO ] [2017-08-16 10:50:20] org.springframework.web.context.support.GenericWebApplicationContext [987] - Closing org.springframework.web.context.support.GenericWebApplicationContext@58fb7731: startup date [Wed Aug 16 10:50:11 CST 2017]; root of context hierarchy
